<?xml version="1.0" encoding="UTF-8"?>
<!-- Generated by org.testng.reporters.JUnitXMLReporter -->
<testsuite ignored="0" hostname="DESKTOP-T66DB6V" failures="0" tests="10" name="Test" time="43.405" errors="0" timestamp="2023-01-11T12:56:40 IST">
  <testcase classname="com.TestCases.TC01_VerifyLogin" name="LoginTest" time="11.799"/>
  <testcase classname="com.TestCases.TC01_VerifyLogin" name="LoginTest" time="12.145"/>
  <testcase classname="com.TestCases.TC01_VerifyLogin" name="LoginTest" time="12.212"/>
  <testcase classname="com.TestCases.TC01_VerifyLogin" name="LoginTest" time="5.355"/>
  <testcase classname="com.TestCases.TC01_VerifyLogin" name="LoginTest" time="5.396"/>
  <testcase classname="com.TestCases.TC01_VerifyLogin" name="LoginTest" time="5.549"/>
  <testcase classname="com.TestCases.TC01_VerifyLogin" name="LoginTest" time="5.48"/>
  <testcase classname="com.TestCases.TC01_VerifyLogin" name="LoginTest" time="5.822"/>
  <testcase classname="com.TestCases.TC01_VerifyLogin" name="LoginTest" time="2.493"/>
  <testcase classname="com.TestCases.TC01_VerifyLogin" name="LoginTest" time="9.459"/>
</testsuite> <!-- Test -->
